[0730/192500:WARNING:resource_bundle.cc(311)] locale_file_path.empty() for locale 
[0730/192500:WARNING:resource_bundle.cc(311)] locale_file_path.empty() for locale 
[0812/152916:ERROR:icu_util.cc(162)] Invalid file descriptor to ICU data received.
[0812/152916:FATAL:icu_util.cc(265)] Check failed: result. 
Backtrace:
	GetHandleVerifier [0x00007FFF0DED2F11+9585]
	CertificateErrorController::operator= [0x00007FFF0DE9DCA4+2758452]
	CertificateErrorController::resourceType [0x00007FFF0E794F98+3745848]
	QtWebEngineCore::CookieMonsterDelegateQt::canSetCookie [0x00007FFF0D48B6D0+2240816]
	QtWebEngineCore::WebContentsAdapter::webContents [0x00007FFF0D1EE713+17811]
	QtWebEngineCore::WebContentsAdapter::webContents [0x00007FFF0D1EEAC6+18758]
	QtWebEngineCore::WebEngineSettings::initDefaults [0x00007FFF0D1F4CD1+5985]
	QWebEngineProfile::QWebEngineProfile [0x00007FFF3A01A353+435]
	QWebEngineProfile::QWebEngineProfile [0x00007FFF3A01A25B+187]
	WebEngineInteropHandler<ScrollPositionInteropObject>::CurrentInteropObject [0x00007FFF4290788D+1557]
	TableauWebEngineView::trUtf8 [0x00007FFF428FFD99+329]
	WebEnginePageAllocator::NewPage [0x00007FFF42900181+129]
	WebEnginePageAllocator::EnsureMinPooledPages [0x00007FFF428FFF2F+47]
	Workspace::GetObservable [0x00007FFF15ED5080+8700]
	QObject::event [0x0000000061060A98+216]
	QWidget::event [0x0000000060990F7D+3741]
	QApplicationPrivate::notify_helper [0x0000000060966CD0+320]
	QApplication::notify [0x00000000609661FD+6637]
	TApplication::notify [0x00007FFF15EB09F9+221]
	QCoreApplication::notifyInternal2 [0x000000006103CED9+185]
	QCoreApplicationPrivate::sendPostedEvents [0x000000006103EC9D+557]
	qt_plugin_query_metadata [0x00007FFF202B9B0F+9423]
	QEventDispatcherWin32::processEvents [0x0000000061083318+3480]
	CallWindowProcW [0x00007FFF5E3FB85D+1245]
	DispatchMessageW [0x00007FFF5E3FB1EF+431]
	QEventDispatcherWin32::processEvents [0x0000000061082A50+1232]
	qt_plugin_query_metadata [0x00007FFF202B9AE9+9385]
	QEventLoop::exec [0x00000000610396D3+435]
	QCoreApplication::exec [0x000000006103BCD7+327]
	TApplication::LaunchUI [0x00007FFF15EAF77A+3594]
	TApplication::Startup [0x00007FFF15EB06F4+1000]
	(No symbol) [0x00007FF6CCAA267B]
	(No symbol) [0x00007FF6CCAC2AD4]
	(No symbol) [0x00007FF6CCAC181F]
	BaseThreadInitThunk [0x00007FFF5F3B1FE4+20]
	RtlUserThreadStart [0x00007FFF5F60CB31+33]

