[0729/221205:WARNING:resource_bundle.cc(311)] locale_file_path.empty() for locale 
[0729/221205:WARNING:resource_bundle.cc(311)] locale_file_path.empty() for locale 
[0729/221812:WARNING:resource_bundle.cc(311)] locale_file_path.empty() for locale 
[0729/221812:WARNING:resource_bundle.cc(311)] locale_file_path.empty() for locale 
[0729/221850:WARNING:resource_bundle.cc(311)] locale_file_path.empty() for locale 
[0729/222101:WARNING:resource_bundle.cc(311)] locale_file_path.empty() for locale 
[0729/222101:WARNING:resource_bundle.cc(311)] locale_file_path.empty() for locale 
[0729/222217:WARNING:resource_bundle.cc(311)] locale_file_path.empty() for locale 
[0730/110329:WARNING:resource_bundle.cc(311)] locale_file_path.empty() for locale 
[0730/110329:WARNING:resource_bundle.cc(311)] locale_file_path.empty() for locale 
[0730/110412:WARNING:resource_bundle.cc(311)] locale_file_path.empty() for locale 
[0730/110412:WARNING:resource_bundle.cc(311)] locale_file_path.empty() for locale 
[0730/110857:WARNING:resource_bundle.cc(311)] locale_file_path.empty() for locale 
[0730/110939:WARNING:resource_bundle.cc(311)] locale_file_path.empty() for locale 
[0730/111311:WARNING:resource_bundle.cc(311)] locale_file_path.empty() for locale 
[0730/111311:WARNING:resource_bundle.cc(311)] locale_file_path.empty() for locale 
[0730/194608:WARNING:resource_bundle.cc(311)] locale_file_path.empty() for locale 
[0730/194608:WARNING:resource_bundle.cc(311)] locale_file_path.empty() for locale 
[0730/201216:WARNING:resource_bundle.cc(311)] locale_file_path.empty() for locale 
[0730/201227:WARNING:resource_bundle.cc(311)] locale_file_path.empty() for locale 
[0730/201515:WARNING:resource_bundle.cc(311)] locale_file_path.empty() for locale 
[0730/201515:WARNING:resource_bundle.cc(311)] locale_file_path.empty() for locale 
[0730/205346:WARNING:resource_bundle.cc(311)] locale_file_path.empty() for locale 
[0730/205346:WARNING:resource_bundle.cc(311)] locale_file_path.empty() for locale 
[0730/205505:WARNING:resource_bundle.cc(311)] locale_file_path.empty() for locale 
[0730/205505:WARNING:resource_bundle.cc(311)] locale_file_path.empty() for locale 
[0730/210411:WARNING:resource_bundle.cc(311)] locale_file_path.empty() for locale 
[0730/210411:WARNING:resource_bundle.cc(311)] locale_file_path.empty() for locale 
[0730/212046:WARNING:resource_bundle.cc(311)] locale_file_path.empty() for locale 
[0730/212046:WARNING:resource_bundle.cc(311)] locale_file_path.empty() for locale 
[0730/221618:WARNING:resource_bundle.cc(311)] locale_file_path.empty() for locale 
[0730/225648:WARNING:resource_bundle.cc(311)] locale_file_path.empty() for locale 
[0730/225656:WARNING:resource_bundle.cc(311)] locale_file_path.empty() for locale 
[0730/225722:WARNING:resource_bundle.cc(311)] locale_file_path.empty() for locale 
[0730/230628:WARNING:resource_bundle.cc(311)] locale_file_path.empty() for locale 
[0730/230628:WARNING:resource_bundle.cc(311)] locale_file_path.empty() for locale 
[0730/232811:WARNING:resource_bundle.cc(311)] locale_file_path.empty() for locale 
[0730/232811:WARNING:resource_bundle.cc(311)] locale_file_path.empty() for locale 
[0730/232931:WARNING:resource_bundle.cc(311)] locale_file_path.empty() for locale 
[0730/232931:WARNING:resource_bundle.cc(311)] locale_file_path.empty() for locale 
[0812/152457:ERROR:icu_util.cc(162)] Invalid file descriptor to ICU data received.
[0812/152457:FATAL:icu_util.cc(265)] Check failed: result. 
Backtrace:
	GetHandleVerifier [0x00007FFF0EC92F11+9585]
	CertificateErrorController::operator= [0x00007FFF0EC5DCA4+2758452]
	CertificateErrorController::resourceType [0x00007FFF0F554F98+3745848]
	QtWebEngineCore::CookieMonsterDelegateQt::canSetCookie [0x00007FFF0E24B6D0+2240816]
	QtWebEngineCore::WebContentsAdapter::webContents [0x00007FFF0DFAE713+17811]
	QtWebEngineCore::WebContentsAdapter::webContents [0x00007FFF0DFAEAC6+18758]
	QtWebEngineCore::WebEngineSettings::initDefaults [0x00007FFF0DFB4CD1+5985]
	QWebEngineProfile::QWebEngineProfile [0x00007FFF34CEA353+435]
	QWebEngineProfile::QWebEngineProfile [0x00007FFF34CEA25B+187]
	WebEngineInteropHandler<ScrollPositionInteropObject>::CurrentInteropObject [0x00007FFF2E53788D+1557]
	TableauWebEngineView::trUtf8 [0x00007FFF2E52FD99+329]
	WebEnginePageAllocator::NewPage [0x00007FFF2E530181+129]
	WebEnginePageAllocator::EnsureMinPooledPages [0x00007FFF2E52FF2F+47]
	Workspace::GetObservable [0x00007FFF15ED5080+8700]
	QObject::event [0x00000000615A0A98+216]
	QWidget::event [0x0000000060D80F7D+3741]
	QApplicationPrivate::notify_helper [0x0000000060D56CD0+320]
	QApplication::notify [0x0000000060D561FD+6637]
	TApplication::notify [0x00007FFF15EB09F9+221]
	QCoreApplication::notifyInternal2 [0x000000006157CED9+185]
	QCoreApplicationPrivate::sendPostedEvents [0x000000006157EC9D+557]
	qt_plugin_query_metadata [0x00007FFF08DD9B0F+9423]
	QEventDispatcherWin32::processEvents [0x00000000615C3318+3480]
	CallWindowProcW [0x00007FFF5E3FB85D+1245]
	DispatchMessageW [0x00007FFF5E3FB1EF+431]
	QEventDispatcherWin32::processEvents [0x00000000615C2A50+1232]
	qt_plugin_query_metadata [0x00007FFF08DD9AE9+9385]
	QEventLoop::exec [0x00000000615796D3+435]
	QCoreApplication::exec [0x000000006157BCD7+327]
	TApplication::LaunchUI [0x00007FFF15EAF77A+3594]
	TApplication::Startup [0x00007FFF15EB06F4+1000]
	(No symbol) [0x00007FF6CCAA267B]
	(No symbol) [0x00007FF6CCAC2AD4]
	(No symbol) [0x00007FF6CCAC181F]
	BaseThreadInitThunk [0x00007FFF5F3B1FE4+20]
	RtlUserThreadStart [0x00007FFF5F60CB31+33]

[0812/234008:WARNING:resource_bundle.cc(311)] locale_file_path.empty() for locale 
[0812/234012:WARNING:resource_bundle.cc(311)] locale_file_path.empty() for locale 
[0813/020249:WARNING:resource_bundle.cc(311)] locale_file_path.empty() for locale 
[0813/020249:WARNING:resource_bundle.cc(311)] locale_file_path.empty() for locale 
[0813/115654:WARNING:resource_bundle.cc(311)] locale_file_path.empty() for locale 
[0813/115655:WARNING:resource_bundle.cc(311)] locale_file_path.empty() for locale 
[0813/154720:WARNING:resource_bundle.cc(311)] locale_file_path.empty() for locale 
[0813/154724:WARNING:resource_bundle.cc(311)] locale_file_path.empty() for locale 
[0813/162852:WARNING:resource_bundle.cc(311)] locale_file_path.empty() for locale 
[0813/162852:WARNING:resource_bundle.cc(311)] locale_file_path.empty() for locale 
[0813/164522:WARNING:resource_bundle.cc(311)] locale_file_path.empty() for locale 
[0813/164522:WARNING:resource_bundle.cc(311)] locale_file_path.empty() for locale 
[0813/164758:WARNING:resource_bundle.cc(311)] locale_file_path.empty() for locale 
[0813/164758:WARNING:resource_bundle.cc(311)] locale_file_path.empty() for locale 
[0813/165018:WARNING:resource_bundle.cc(311)] locale_file_path.empty() for locale 
[0813/165018:WARNING:resource_bundle.cc(311)] locale_file_path.empty() for locale 
[0814/184048:WARNING:resource_bundle.cc(311)] locale_file_path.empty() for locale 
[0814/184049:WARNING:resource_bundle.cc(311)] locale_file_path.empty() for locale 
[0814/184609:WARNING:resource_bundle.cc(311)] locale_file_path.empty() for locale 
[0814/184619:WARNING:resource_bundle.cc(311)] locale_file_path.empty() for locale 
[0815/170836:WARNING:resource_bundle.cc(311)] locale_file_path.empty() for locale 
[0815/170837:WARNING:resource_bundle.cc(311)] locale_file_path.empty() for locale 
[0815/173859:WARNING:resource_bundle.cc(311)] locale_file_path.empty() for locale 
[0815/173859:WARNING:resource_bundle.cc(311)] locale_file_path.empty() for locale 
[0819/175858:WARNING:resource_bundle.cc(311)] locale_file_path.empty() for locale 
[0819/175858:WARNING:resource_bundle.cc(311)] locale_file_path.empty() for locale 
[0819/180842:WARNING:resource_bundle.cc(311)] locale_file_path.empty() for locale 
[0819/180842:WARNING:resource_bundle.cc(311)] locale_file_path.empty() for locale 
[0819/213214:WARNING:resource_bundle.cc(311)] locale_file_path.empty() for locale 
[0819/213214:WARNING:resource_bundle.cc(311)] locale_file_path.empty() for locale 
[0819/214641:WARNING:resource_bundle.cc(311)] locale_file_path.empty() for locale 
[0819/214706:WARNING:resource_bundle.cc(311)] locale_file_path.empty() for locale 
[0819/214725:WARNING:resource_bundle.cc(311)] locale_file_path.empty() for locale 
